<?xml version="1.0" encoding="UTF-8"?>
<!-- Generated by org.testng.reporters.JUnitReportReporter -->
<testsuite skipped="0" hostname="RFLX-LPT-111" name="VideoGameApiTest.ApiTestCase" tests="5" failures="0" timestamp="2021-03-16T01:04:45 IST" time="2.383" errors="0">
  <testcase name="Get_AllVideoGames" time="1.449" classname="VideoGameApiTest.ApiTestCase"/>
  <testcase name="Create_NewGame" time="0.345" classname="VideoGameApiTest.ApiTestCase"/>
  <testcase name="Get_AddedGameById" time="0.526" classname="VideoGameApiTest.ApiTestCase"/>
  <testcase name="Update_AddedGame" time="0.047" classname="VideoGameApiTest.ApiTestCase"/>
  <testcase name="Delete_AddedGame" time="0.016" classname="VideoGameApiTest.ApiTestCase"/>
</testsuite> <!-- VideoGameApiTest.ApiTestCase -->
